{"name": "test_pipeline_dropdown_invalid_option", "status": "failed", "statusDetails": {"message": "AssertionError: Dropdown failed to handle invalid value.\nassert False\n +  where False = handle_invalid_dropdown_input()\n +    where handle_invalid_dropdown_input = <pages.pipeline_page.PipelinePage object at 0x0000014D8F335850>.handle_invalid_dropdown_input", "trace": "page = <Page url='about:blank'>\n\n    def test_pipeline_dropdown_invalid_option(page):\n        pipeline = PipelinePage(page)\n>       assert pipeline.handle_invalid_dropdown_input(), \"Dropdown failed to handle invalid value.\"\nE       AssertionError: Dropdown failed to handle invalid value.\nE       assert False\nE        +  where False = handle_invalid_dropdown_input()\nE        +    where handle_invalid_dropdown_input = <pages.pipeline_page.PipelinePage object at 0x0000014D8F335850>.handle_invalid_dropdown_input\n\ntests\\test_pipeline.py:106: AssertionError"}, "start": 1753367828308, "stop": 1753367828318, "uuid": "ca811d2f-49d6-485e-a2fc-7d677c831cae", "historyId": "fb3443dc32b7e26bc159e18143751e01", "testCaseId": "fb3443dc32b7e26bc159e18143751e01", "fullName": "tests.test_pipeline#test_pipeline_dropdown_invalid_option", "labels": [{"name": "parentSuite", "value": "tests"}, {"name": "suite", "value": "test_pipeline"}, {"name": "host", "value": "LAPTOP-DLCP2JCN"}, {"name": "thread", "value": "7228-MainThread"}, {"name": "framework", "value": "pytest"}, {"name": "language", "value": "cpython3"}, {"name": "package", "value": "tests.test_pipeline"}], "titlePath": ["tests", "test_pipeline.py"]}