{"name": "test_view_details_navigation", "status": "failed", "statusDetails": {"message": "AssertionError: Failed to navigate from 'View Details' of Past Dues.\nassert False\n +  where False = click_view_details('Past Dues')\n +    where click_view_details = <pages.DashboardPage.DashboardPage object at 0x0000014D8D08FBF0>.click_view_details", "trace": "page = <Page url='https://rak-wbg.gamechange.dev/'>\n\n    def test_view_details_navigation(page):\n        dashboard = DashboardPage(page)\n>       assert dashboard.click_view_details(\"Past Dues\"), \"Failed to navigate from 'View Details' of Past Dues.\"\nE       AssertionError: Failed to navigate from 'View Details' of Past Dues.\nE       assert False\nE        +  where False = click_view_details('Past Dues')\nE        +    where click_view_details = <pages.DashboardPage.DashboardPage object at 0x0000014D8D08FBF0>.click_view_details\n\ntests\\test_dashboard.py:32: AssertionError"}, "start": 1753367412790, "stop": 1753367442852, "uuid": "eaacdb09-b03f-4d82-99b0-33494e49cbe4", "historyId": "bcf6ea5af92c84275f52fa4e7293e16e", "testCaseId": "bcf6ea5af92c84275f52fa4e7293e16e", "fullName": "tests.test_dashboard#test_view_details_navigation", "labels": [{"name": "parentSuite", "value": "tests"}, {"name": "suite", "value": "test_dashboard"}, {"name": "host", "value": "LAPTOP-DLCP2JCN"}, {"name": "thread", "value": "7228-MainThread"}, {"name": "framework", "value": "pytest"}, {"name": "language", "value": "cpython3"}, {"name": "package", "value": "tests.test_dashboard"}], "titlePath": ["tests", "test_dashboard.py"]}