{"name": "test_back_button_navigation", "status": "failed", "statusDetails": {"message": "AssertionError: Back button did not navigate correctly.\nassert False\n +  where False = is_navigated_back()\n +    where is_navigated_back = <pages.pipeline_page.PipelinePage object at 0x0000017F55E8D670>.is_navigated_back", "trace": "page = <Page url='https://rak-wbg.gamechange.dev/'>\n\n    def test_back_button_navigation(page):\n        pipeline = PipelinePage(page)\n        pipeline.click_back()\n>       assert pipeline.is_navigated_back(), \"Back button did not navigate correctly.\"\nE       AssertionError: Back button did not navigate correctly.\nE       assert False\nE        +  where False = is_navigated_back()\nE        +    where is_navigated_back = <pages.pipeline_page.PipelinePage object at 0x0000017F55E8D670>.is_navigated_back\n\ntests\\test_pipeline.py:72: AssertionError"}, "start": 1753423191762, "stop": 1753423195544, "uuid": "a7ea9bcc-90b2-4b14-bf98-8c7af7f86c92", "historyId": "849542b939d826b065b0cd52c4cdc965", "testCaseId": "849542b939d826b065b0cd52c4cdc965", "fullName": "tests.test_pipeline#test_back_button_navigation", "labels": [{"name": "parentSuite", "value": "tests"}, {"name": "suite", "value": "test_pipeline"}, {"name": "host", "value": "LAPTOP-DLCP2JCN"}, {"name": "thread", "value": "19520-MainThread"}, {"name": "framework", "value": "pytest"}, {"name": "language", "value": "cpython3"}, {"name": "package", "value": "tests.test_pipeline"}], "titlePath": ["tests", "test_pipeline.py"]}