{"name": "test_sidebar_navigation_to_arm", "status": "failed", "statusDetails": {"message": "AssertionError: Sidebar navigation to ARM failed.\nassert False\n +  where False = navigate_to_sidebar_item('ARM')\n +    where navigate_to_sidebar_item = <pages.DashboardPage.DashboardPage object at 0x0000017F548DDD30>.navigate_to_sidebar_item", "trace": "page = <Page url='https://rak-wbg.gamechange.dev/'>\n\n    def test_sidebar_navigation_to_arm(page):\n        dashboard = DashboardPage(page)\n>       assert dashboard.navigate_to_sidebar_item(\"ARM\"), \"Sidebar navigation to ARM failed.\"\nE       AssertionError: Sidebar navigation to ARM failed.\nE       assert False\nE        +  where False = navigate_to_sidebar_item('ARM')\nE        +    where navigate_to_sidebar_item = <pages.DashboardPage.DashboardPage object at 0x0000017F548DDD30>.navigate_to_sidebar_item\n\ntests\\test_dashboard.py:37: AssertionError"}, "start": 1753422784924, "stop": 1753422814946, "uuid": "a2070404-668a-4106-8b83-6bcb1861c0b9", "historyId": "09f36b8089bb98f0bb2379f1e9df9dcd", "testCaseId": "09f36b8089bb98f0bb2379f1e9df9dcd", "fullName": "tests.test_dashboard#test_sidebar_navigation_to_arm", "labels": [{"name": "parentSuite", "value": "tests"}, {"name": "suite", "value": "test_dashboard"}, {"name": "host", "value": "LAPTOP-DLCP2JCN"}, {"name": "thread", "value": "19520-MainThread"}, {"name": "framework", "value": "pytest"}, {"name": "language", "value": "cpython3"}, {"name": "package", "value": "tests.test_dashboard"}], "titlePath": ["tests", "test_dashboard.py"]}