{"uid":"3e7097c75ca42b4f","name":"test_view_details_navigation","fullName":"tests.test_dashboard#test_view_details_navigation","historyId":"bcf6ea5af92c84275f52fa4e7293e16e","time":{"start":1753367204860,"stop":1753367234882,"duration":30022},"status":"failed","statusMessage":"AssertionError: Failed to navigate from 'View Details' of Past Dues.\nassert False\n +  where False = click_view_details('Past Dues')\n +    where click_view_details = <pages.DashboardPage.DashboardPage object at 0x0000017DD25E7FB0>.click_view_details","statusTrace":"page = <Page url='https://rak-wbg.gamechange.dev/'>\n\n    def test_view_details_navigation(page):\n        dashboard = DashboardPage(page)\n>       assert dashboard.click_view_details(\"Past Dues\"), \"Failed to navigate from 'View Details' of Past Dues.\"\nE       AssertionError: Failed to navigate from 'View Details' of Past Dues.\nE       assert False\nE        +  where False = click_view_details('Past Dues')\nE        +    where click_view_details = <pages.DashboardPage.DashboardPage object at 0x0000017DD25E7FB0>.click_view_details\n\ntests\\test_dashboard.py:32: AssertionError","flaky":false,"newFailed":false,"newBroken":false,"newPassed":false,"retriesCount":0,"retriesStatusChange":false,"beforeStages":[],"afterStages":[],"labels":[{"name":"parentSuite","value":"tests"},{"name":"suite","value":"test_dashboard"},{"name":"host","value":"LAPTOP-DLCP2JCN"},{"name":"thread","value":"16684-MainThread"},{"name":"framework","value":"pytest"},{"name":"language","value":"cpython3"},{"name":"package","value":"tests.test_dashboard"},{"name":"resultFormat","value":"allure2"}],"parameters":[],"links":[],"hidden":true,"retry":true,"extra":{"categories":[],"tags":[]},"source":"3e7097c75ca42b4f.json","parameterValues":[]}